<?xml version="1.0" encoding="UTF-8"?>
<!-- Generated by org.testng.reporters.JUnitReportReporter -->
<testsuite hostname="DESKTOP-CABG1HH" failures="0" tests="1" name="testngexample.Ex_Wd_Testng" time="1.245" errors="0" timestamp="2022-08-05T16:58:20 IST" skipped="0">
  <testcase classname="testngexample.Ex_Wd_Testng" name="tc001" time="1.245"/>
  <system-out>
    <![CDATA[application opened
Login completed
OrangeHRM
Logout completed]]>
  </system-out>
</testsuite> <!-- testngexample.Ex_Wd_Testng -->
