<?xml version="1.0" encoding="UTF-8"?>
<!-- Generated by org.testng.reporters.JUnitReportReporter -->
<testsuite hostname="DESKTOP-CABG1HH" failures="0" tests="1" name="testngexample.Excel_wd_Testng" time="7.624" errors="0" timestamp="2022-08-07T01:58:33 IST" skipped="0">
  <testcase classname="testngexample.Excel_wd_Testng" name="tc001" time="7.624"/>
  <system-out>
    <![CDATA[nareshit
nareshit
Application opened
Login completed
OrangeHRM
Logout completed]]>
  </system-out>
</testsuite> <!-- testngexample.Excel_wd_Testng -->
