<?xml version="1.0" encoding="UTF-8"?>
<!-- Generated by org.testng.reporters.JUnitReportReporter -->
<testsuite hostname="DESKTOP-CABG1HH" failures="0" tests="1" name="com.rah.testscript.TC001" time="7.160" errors="0" timestamp="2022-08-11T17:53:03 IST" skipped="0">
  <testcase classname="com.rah.testscript.TC001" name="tc001" time="7.160"/>
  <system-out/>
</testsuite> <!-- com.rah.testscript.TC001 -->
