<?xml version="1.0" encoding="UTF-8"?>
<!-- Generated by org.testng.reporters.JUnitReportReporter -->
<testsuite hostname="DESKTOP-CABG1HH" failures="0" tests="2" name="testngexample.ExpTestng" time="0.021" errors="0" timestamp="2022-08-03T22:45:01 IST" skipped="0">
  <testcase classname="testngexample.ExpTestng" name="delemp" time="0.012"/>
  <system-out/>
  <testcase classname="testngexample.ExpTestng" name="addemp" time="0.009"/>
  <system-out/>
</testsuite> <!-- testngexample.ExpTestng -->
